2023-01-31 13:57:05 | INFO  | PspApplication:14 - Hello from Psp Application! Welcome back!
2023-02-01 03:11:12 | INFO  | PspApplication:14 - Hello from Psp Application! Welcome back!
2023-02-01 14:15:30 | INFO  | PspApplication:14 - Hello from Psp Application! Welcome back!
2023-02-01 14:16:43 | INFO  | PspApplication:14 - Hello from Psp Application! Welcome back!
2023-02-01 14:17:53 | INFO  | PspApplication:16 - Hello from Psp Application! Welcome back!
2023-02-01 16:45:02 | INFO  | PspApplication:16 - Hello from Psp Application! Welcome back!
2023-02-01 16:56:21 | INFO  | PspApplication:16 - Hello from Psp Application! Welcome back!
2023-02-01 18:02:30 | INFO  | PspApplication:16 - Hello from Psp Application! Welcome back!
2023-02-02 01:03:50 | INFO  | PspApplication:16 - Hello from Psp Application! Welcome back!
2023-02-02 01:11:25 | INFO  | PspApplication:57 - New company successfully registered with id 20
2023-02-02 01:11:27 | ERROR | PspApplication:52 - New registration failed! The company with this PIB is already registered!
2023-02-02 01:11:27 | WARN  | PspApplication:53 - Duplicate registration request for company with id 20
2023-02-02 01:11:58 | INFO  | PspApplication:45 - User with user id 20 is logged in.
2023-02-02 01:15:27 | INFO  | PspApplication:16 - Hello from Psp Application! Welcome back!
2023-02-02 01:24:57 | INFO  | PspApplication:16 - Hello from Psp Application! Welcome back!
2023-02-02 01:34:22 | INFO  | PspApplication:16 - Hello from Psp Application! Welcome back!
2023-02-02 01:36:43 | INFO  | PspApplication:16 - Hello from Psp Application! Welcome back!
2023-02-02 01:40:38 | INFO  | PspApplication:16 - Hello from Psp Application! Welcome back!
2023-02-02 01:41:42 | INFO  | PspApplication:16 - Hello from Psp Application! Welcome back!
2023-02-02 01:43:36 | INFO  | PspApplication:16 - Hello from Psp Application! Welcome back!
2023-02-02 02:12:17 | INFO  | PspApplication:16 - Hello from Psp Application! Welcome back!
2023-02-02 02:15:19 | INFO  | PspApplication:16 - Hello from Psp Application! Welcome back!
2023-02-02 17:21:06 | INFO  | PspApplication:16 - Hello from Psp Application! Welcome back!
2023-02-02 18:07:12 | INFO  | PspApplication:16 - Hello from Psp Application! Welcome back!
2023-02-02 18:46:54 | INFO  | PspApplication:16 - Hello from Psp Application! Welcome back!
